2016-29-08 15:51:32  INFO [IskustnicaPack.RegistrationPageValueOne] : Browser and registration Page were opened
2016-29-08 15:51:33  INFO [IskustnicaPack.RegistrationPageValueOne] : Delivery type 'Samovivoz' (radio button) selected
2016-29-08 15:51:33  INFO [IskustnicaPack.RegistrationPageValueOne] : Ivanov Familia was Inputed
2016-29-08 15:51:34  INFO [IskustnicaPack.RegistrationPageValueOne] : Ivan Imia was Inputed
2016-29-08 15:51:35  INFO [IskustnicaPack.RegistrationPageValueOne] : Ivanovich Otchestvo was Inputed
2016-29-08 15:51:35  INFO [IskustnicaPack.RegistrationPageValueOne] : 02 den selected
2016-29-08 15:51:36  INFO [IskustnicaPack.RegistrationPageValueOne] : 01 mesiac selected
2016-29-08 15:51:36  INFO [IskustnicaPack.RegistrationPageValueOne] : 1945 god selected
2016-29-08 15:51:37  INFO [IskustnicaPack.RegistrationPageValueOne] : somemail@bk.ru E-mail inputed
2016-29-08 15:51:37  INFO [IskustnicaPack.RegistrationPageValueOne] : test1234 parol inputed
2016-29-08 15:51:38  INFO [IskustnicaPack.RegistrationPageValueOne] : test1234 repass inputed
2016-29-08 15:51:39  INFO [IskustnicaPack.RegistrationPageValueOne] : +38012345687 cellPhone inputed
2016-29-08 15:51:39  INFO [IskustnicaPack.RegistrationPageValueOne] : Button '<< Dalee/Enter >>' was clicked
2016-29-08 15:51:42  INFO [IskustnicaPack.RegistrationPageValueOne] : Button 'Registrirovat' was clicked
2016-29-08 15:51:43  INFO [IskustnicaPack.RegistrationPageValueOne] : Registration page and window were closed
2016-29-08 16:05:31  INFO [IskustnicaPack.RegistrationPageValueOne] : Browser and registration Page were opened
2016-29-08 16:05:33  INFO [IskustnicaPack.RegistrationPageValueOne] : Registration page is opened
2016-29-08 16:05:34  INFO [IskustnicaPack.RegistrationPageValueOne] : Delivery type 'Samovivoz' (radio button) selected
2016-29-08 16:05:34  INFO [IskustnicaPack.RegistrationPageValueOne] : Ivanov Familia was Inputed
2016-29-08 16:05:34  INFO [IskustnicaPack.RegistrationPageValueOne] : Ivan Imia was Inputed
2016-29-08 16:05:35  INFO [IskustnicaPack.RegistrationPageValueOne] : Ivanovich Otchestvo was Inputed
2016-29-08 16:05:35  INFO [IskustnicaPack.RegistrationPageValueOne] : 02 den selected
2016-29-08 16:05:35  INFO [IskustnicaPack.RegistrationPageValueOne] : 01 mesiac selected
2016-29-08 16:05:36  INFO [IskustnicaPack.RegistrationPageValueOne] : 1945 god selected
2016-29-08 16:05:36  INFO [IskustnicaPack.RegistrationPageValueOne] : somemail@bk.ru E-mail inputed
2016-29-08 16:05:36  INFO [IskustnicaPack.RegistrationPageValueOne] : test1234 parol inputed
2016-29-08 16:05:37  INFO [IskustnicaPack.RegistrationPageValueOne] : test1234 repass inputed
2016-29-08 16:05:37  INFO [IskustnicaPack.RegistrationPageValueOne] : +38012345687 cellPhone inputed
2016-29-08 16:05:37  INFO [IskustnicaPack.RegistrationPageValueOne] : Button '<< Dalee/Enter >>' was clicked
2016-29-08 16:05:41  INFO [IskustnicaPack.RegistrationPageValueOne] : Button 'Registrirovat' was clicked
2016-29-08 16:05:42  INFO [IskustnicaPack.RegistrationPageValueOne] : Registration page and window were closed
2016-29-08 16:10:43  INFO [IskustnicaPack.RegistrationPageValueOne] : Browser and Main Page were opened
2016-29-08 16:10:46  INFO [IskustnicaPack.RegistrationPageValueOne] : Registration page is opened
2016-29-08 16:10:46  INFO [IskustnicaPack.RegistrationPageValueOne] : Delivery type 'Samovivoz' (radio button) selected
2016-29-08 16:10:46  INFO [IskustnicaPack.RegistrationPageValueOne] : Ivanov Familia was Inputed
2016-29-08 16:10:47  INFO [IskustnicaPack.RegistrationPageValueOne] : Ivan Imia was Inputed
2016-29-08 16:10:47  INFO [IskustnicaPack.RegistrationPageValueOne] : Ivanovich Otchestvo was Inputed
2016-29-08 16:10:47  INFO [IskustnicaPack.RegistrationPageValueOne] : 02 den selected
2016-29-08 16:10:48  INFO [IskustnicaPack.RegistrationPageValueOne] : 01 mesiac selected
2016-29-08 16:10:48  INFO [IskustnicaPack.RegistrationPageValueOne] : 1945 god selected
2016-29-08 16:10:48  INFO [IskustnicaPack.RegistrationPageValueOne] : somemail@bk.ru E-mail inputed
2016-29-08 16:10:49  INFO [IskustnicaPack.RegistrationPageValueOne] : test1234 parol inputed
2016-29-08 16:10:49  INFO [IskustnicaPack.RegistrationPageValueOne] : test1234 repass inputed
2016-29-08 16:10:50  INFO [IskustnicaPack.RegistrationPageValueOne] : +38012345687 cellPhone inputed
2016-29-08 16:10:50  INFO [IskustnicaPack.RegistrationPageValueOne] : Button '<< Dalee/Enter >>' was clicked
2016-29-08 16:10:52  INFO [IskustnicaPack.RegistrationPageValueOne] : Button 'Registrirovat' was clicked
2016-29-08 16:10:54  INFO [IskustnicaPack.RegistrationPageValueOne] : Registration page and window were closed
2016-29-08 16:12:14  INFO [IskustnicaPack.RegistrationPageValueOne] : Browser and Main Page were opened
2016-29-08 16:12:24  INFO [IskustnicaPack.RegistrationPageValueOne] : Wrong URL
2016-29-08 16:12:25  INFO [IskustnicaPack.RegistrationPageValueOne] : Registration page and window were closed
2016-29-08 16:14:17  INFO [IskustnicaPack.RegistrationPageValueOne] : Browser and Main Page were opened
2016-29-08 16:14:28  INFO [IskustnicaPack.RegistrationPageValueOne] : Registration page and window were closed
2016-29-08 16:16:05  INFO [IskustnicaPack.RegistrationPageValueOne] : Browser and Main Page were opened
2016-29-08 16:16:16  INFO [IskustnicaPack.RegistrationPageValueOne] : Registration page and window were closed
2016-29-08 16:20:45  INFO [IskustnicaPack.RegistrationPageValueOne] : Browser and Main Page were opened
2016-29-08 16:20:55  INFO [IskustnicaPack.RegistrationPageValueOne] : Wrong link
2016-29-08 16:20:57  INFO [IskustnicaPack.RegistrationPageValueOne] : Registration page and window were closed
2016-29-08 16:22:59  INFO [IskustnicaPack.RegistrationPageValueOne] : Browser and Main Page were opened
2016-29-08 16:23:09  INFO [IskustnicaPack.RegistrationPageValueOne] : Wrong Link
2016-29-08 16:23:10  INFO [IskustnicaPack.RegistrationPageValueOne] : Registration page and window were closed
2016-29-08 16:24:22  INFO [IskustnicaPack.RegistrationPageValueOne] : Browser and Main Page were opened
2016-29-08 16:24:32  INFO [IskustnicaPack.RegistrationPageValueOne] : Wrong Link of the Main Page
2016-29-08 16:24:33  INFO [IskustnicaPack.RegistrationPageValueOne] : Registration page and window were closed
2016-29-08 16:25:39  INFO [IskustnicaPack.RegistrationPageValueOne] : Browser and Main Page were opened
2016-29-08 16:25:49  INFO [IskustnicaPack.RegistrationPageValueOne] : Wrong link
2016-29-08 16:25:50  INFO [IskustnicaPack.RegistrationPageValueOne] : Registration page and window were closed
2016-29-08 16:27:16  INFO [IskustnicaPack.RegistrationPageValueOne] : Browser and Main Page were opened
2016-29-08 16:27:26  INFO [IskustnicaPack.RegistrationPageValueOne] : Wrong link
2016-29-08 16:27:28  INFO [IskustnicaPack.RegistrationPageValueOne] : Registration page and window were closed
2016-29-08 16:27:54  INFO [IskustnicaPack.RegistrationPageValueOne] : Browser and Main Page were opened
2016-29-08 16:28:04  INFO [IskustnicaPack.RegistrationPageValueOne] : Wrong link
2016-29-08 16:28:05  INFO [IskustnicaPack.RegistrationPageValueOne] : Registration page and window were closed
2016-29-08 16:31:02  INFO [IskustnicaPack.RegistrationPageValueOne] : Browser and Main Page were opened
2016-29-08 16:31:12  INFO [IskustnicaPack.RegistrationPageValueOne] : Wrong link
2016-29-08 16:31:13  INFO [IskustnicaPack.RegistrationPageValueOne] : Registration page and window were closed
2016-29-08 16:31:57  INFO [IskustnicaPack.RegistrationPageValueOne] : Browser and Main Page were opened
2016-29-08 16:32:07  INFO [IskustnicaPack.RegistrationPageValueOne] : Wrong link of the Registration Page
2016-29-08 16:32:08  INFO [IskustnicaPack.RegistrationPageValueOne] : Registration page and window were closed
2016-29-08 16:35:45  INFO [IskustnicaPack.RegistrationPageValueOne] : Browser and Main Page were opened
2016-29-08 16:35:55  INFO [IskustnicaPack.RegistrationPageValueOne] : Wrong link of the Registration Page
2016-29-08 16:36:05  INFO [IskustnicaPack.RegistrationPageValueOne] : No such element
2016-29-08 16:36:06  INFO [IskustnicaPack.RegistrationPageValueOne] : Registration page and window were closed
2016-29-08 16:38:42  INFO [IskustnicaPack.RegistrationPageValueOne] : Browser and Main Page were opened
2016-29-08 16:38:52  INFO [IskustnicaPack.RegistrationPageValueOne] : Wrong Link of the Main Page
2016-29-08 16:38:53  INFO [IskustnicaPack.RegistrationPageValueOne] : Registration page and window were closed
2016-29-08 19:46:22  INFO [IskustnicaPack.RegistrationPageValueOne] : Browser and Main Page were opened
2016-29-08 19:46:32  INFO [IskustnicaPack.RegistrationPageValueOne] : Wrong Link of the Main Page
2016-29-08 19:46:34  INFO [IskustnicaPack.RegistrationPageValueOne] : Browser were closed
2016-30-08 15:22:27  INFO [IskustnicaPack.MainPage] : No such element on the page
2016-30-08 15:24:25  INFO [IskustnicaPack.MainPage] : Browser and main page were opened
2016-30-08 15:27:36  INFO [IskustnicaPack.MainPage] : Browser and main page were opened
2016-30-08 15:28:52  INFO [IskustnicaPack.MainPage] : Browser and main page were opened
2016-30-08 15:28:55  INFO [IskustnicaPack.MainPage] : WebPage and Browser were closed
2016-30-08 15:29:29  INFO [IskustnicaPack.MainPage] : Browser and main page were opened
2016-30-08 15:29:39  INFO [IskustnicaPack.MainPage] : No such element on the page
2016-30-08 15:29:40  INFO [IskustnicaPack.MainPage] : WebPage and Browser were closed
2016-30-08 15:31:00  INFO [IskustnicaPack.MainPage] : Browser and main page were opened
2016-30-08 15:31:10  INFO [IskustnicaPack.MainPage] : No such element on the page
2016-30-08 15:31:12  INFO [IskustnicaPack.MainPage] : WebPage and Browser were closed
2016-30-08 15:32:01  INFO [IskustnicaPack.MainPage] : Browser and main page were opened
2016-30-08 15:32:03  INFO [IskustnicaPack.MainPage] : WebPage and Browser were closed
2016-30-08 16:01:30  INFO [IskustnicaPack.MainPage] : Browser and main page were opened
2016-30-08 16:01:33  INFO [IskustnicaPack.MainPage] : Registration link was clicked
2016-30-08 16:01:35  INFO [IskustnicaPack.MainPage] : WebPage and Browser were closed
2016-30-08 16:04:25  INFO [IskustnicaPack.MainPage] : Browser and main page were opened
2016-30-08 16:04:28  INFO [IskustnicaPack.MainPage] : Registration link was clicked
2016-30-08 16:04:30  INFO [IskustnicaPack.MainPage] : WebPage and Browser were closed
2016-30-08 16:05:01  INFO [IskustnicaPack.MainPage] : Browser and main page were opened
2016-30-08 16:05:11  ERROR [IskustnicaPack.MainPage] : Can not work with registration link
2016-30-08 16:05:13  INFO [IskustnicaPack.MainPage] : WebPage and Browser were closed
2016-30-08 16:05:41  INFO [IskustnicaPack.MainPage] : Browser and main page were opened
2016-30-08 16:05:43  INFO [IskustnicaPack.MainPage] : Registration link was clicked
2016-30-08 16:05:45  INFO [IskustnicaPack.MainPage] : WebPage and Browser were closed
2016-30-08 16:08:03  INFO [IskustnicaPack.MainPage] : Browser and main page were opened
2016-30-08 16:08:06  INFO [IskustnicaPack.MainPage] : Registration link was clicked
2016-30-08 16:08:07  INFO [IskustnicaPack.MainPage] : WebPage and Browser were closed
2016-02-09 17:11:03  INFO [IskustnicaPack.RegistrationPageValueOne] : Browser were closed
2016-02-09 17:11:11  INFO [IskustnicaPack.MainPage] : Browser and main page were opened
2016-02-09 17:11:14  INFO [IskustnicaPack.MainPage] : Registration link was clicked
2016-02-09 17:11:15  INFO [IskustnicaPack.RegistrationPageValueOne] : Browser were closed
2016-02-09 17:12:48  INFO [IskustnicaPack.RegistrationPageValueOne] : Browser were closed
2016-02-09 17:12:56  INFO [IskustnicaPack.MainPage] : Browser and main page were opened
2016-02-09 17:12:59  INFO [IskustnicaPack.MainPage] : Registration link was clicked
2016-02-09 17:13:01  INFO [IskustnicaPack.RegistrationPageValueOne] : Browser were closed
2016-02-09 17:14:52  INFO [IskustnicaPack.RegistrationPageValueOne] : Browser were closed
2016-02-09 17:15:10  INFO [IskustnicaPack.MainPage] : Browser and main page were opened
2016-02-09 17:18:42  INFO [IskustnicaPack.RegistrationPageValueOne] : Browser were closed
2016-02-09 17:18:49  INFO [IskustnicaPack.MainPage] : Browser and main page were opened
2016-02-09 17:18:49  INFO [IskustnicaPack.MainPage] : No such element on the page
2016-02-09 17:18:50  INFO [IskustnicaPack.RegistrationPageValueOne] : Browser were closed
2016-02-09 17:19:53  INFO [IskustnicaPack.MainPage] : Browser and main page were opened
2016-02-09 17:19:56  INFO [IskustnicaPack.MainPage] : Registration link was clicked
2016-02-09 17:19:57  INFO [IskustnicaPack.RegistrationPageValueOne] : Delivery type 'Samovivoz' (radio button) selected
2016-02-09 17:19:59  INFO [IskustnicaPack.RegistrationPageValueOne] : Browser were closed
2016-02-09 17:20:45  INFO [IskustnicaPack.MainPage] : Browser and main page were opened
2016-02-09 17:20:47  INFO [IskustnicaPack.MainPage] : Registration link was clicked
2016-02-09 17:20:48  INFO [IskustnicaPack.RegistrationPageValueOne] : Delivery type 'Samovivoz' (radio button) selected
2016-02-09 17:20:48  INFO [IskustnicaPack.RegistrationPageValueOne] : Ivanov Familia was Inputed
2016-02-09 17:20:50  INFO [IskustnicaPack.RegistrationPageValueOne] : Ivan Imia was Inputed
2016-02-09 17:20:50  INFO [IskustnicaPack.RegistrationPageValueOne] : Ivanovich Otchestvo was Inputed
2016-02-09 17:20:50  INFO [IskustnicaPack.RegistrationPageValueOne] : 02 den selected
2016-02-09 17:20:51  INFO [IskustnicaPack.RegistrationPageValueOne] : 01 mesiac selected
2016-02-09 17:20:51  INFO [IskustnicaPack.RegistrationPageValueOne] : 1945 god selected
2016-02-09 17:20:52  INFO [IskustnicaPack.RegistrationPageValueOne] : somemail@bk.ru E-mail inputed
2016-02-09 17:20:52  INFO [IskustnicaPack.RegistrationPageValueOne] : test1234 parol inputed
2016-02-09 17:20:53  INFO [IskustnicaPack.RegistrationPageValueOne] : test1234 repass inputed
2016-02-09 17:20:53  INFO [IskustnicaPack.RegistrationPageValueOne] : +38012345687 cellPhone inputed
2016-02-09 17:20:54  INFO [IskustnicaPack.RegistrationPageValueOne] : Button '<< Dalee/Enter >>' was clicked
2016-02-09 17:20:56  INFO [IskustnicaPack.RegistrationPageValueOne] : Button 'Registrirovat' was clicked 
2016-02-09 17:20:58  INFO [IskustnicaPack.RegistrationPageValueOne] : Browser were closed
2016-02-09 17:22:15  INFO [IskustnicaPack.MainPage] : Browser and main page were opened
2016-02-09 17:22:17  INFO [IskustnicaPack.MainPage] : Registration link was clicked
2016-02-09 17:22:18  INFO [IskustnicaPack.RegistrationPageValueOne] : Delivery type 'Samovivoz' (radio button) selected
2016-02-09 17:22:18  INFO [IskustnicaPack.RegistrationPageValueOne] : Ivanov Familia was Inputed
2016-02-09 17:22:19  INFO [IskustnicaPack.RegistrationPageValueOne] : Ivan Imia was Inputed
2016-02-09 17:22:19  INFO [IskustnicaPack.RegistrationPageValueOne] : Ivanovich Otchestvo was Inputed
2016-02-09 17:22:19  INFO [IskustnicaPack.RegistrationPageValueOne] : 02 den selected
2016-02-09 17:22:20  INFO [IskustnicaPack.RegistrationPageValueOne] : 01 mesiac selected
2016-02-09 17:22:20  INFO [IskustnicaPack.RegistrationPageValueOne] : 1945 god selected
2016-02-09 17:22:20  INFO [IskustnicaPack.RegistrationPageValueOne] : somemail@bk.ru E-mail inputed
2016-02-09 17:22:21  INFO [IskustnicaPack.RegistrationPageValueOne] : test1234 parol inputed
2016-02-09 17:22:22  INFO [IskustnicaPack.RegistrationPageValueOne] : test1234 repass inputed
2016-02-09 17:22:22  INFO [IskustnicaPack.RegistrationPageValueOne] : +38012345687 cellPhone inputed
2016-02-09 17:22:22  INFO [IskustnicaPack.RegistrationPageValueOne] : Button '<< Dalee/Enter >>' was clicked
2016-02-09 17:22:25  INFO [IskustnicaPack.RegistrationPageValueOne] : Button 'Registrirovat' was clicked 
2016-02-09 17:43:01  INFO [IskustnicaPack.MainPage] : Browser and main page were opened
2016-02-09 17:43:04  INFO [IskustnicaPack.MainPage] : Registration link was clicked
2016-02-09 17:43:04  INFO [IskustnicaPack.RegistrationPageValueOne] : Delivery type 'Samovivoz' (radio button) selected
2016-02-09 17:43:04  INFO [IskustnicaPack.RegistrationPageValueOne] : Ivanov Familia was Inputed
2016-02-09 17:43:04  INFO [IskustnicaPack.RegistrationPageValueOne] : Ivan Imia was Inputed
2016-02-09 17:43:05  INFO [IskustnicaPack.RegistrationPageValueOne] : Ivanovich Otchestvo was Inputed
2016-02-09 17:43:05  INFO [IskustnicaPack.RegistrationPageValueOne] : 02 den selected
2016-02-09 17:43:05  INFO [IskustnicaPack.RegistrationPageValueOne] : 01 mesiac selected
2016-02-09 17:43:06  INFO [IskustnicaPack.RegistrationPageValueOne] : 1945 god selected
2016-02-09 17:43:06  INFO [IskustnicaPack.RegistrationPageValueOne] :  E-mail inputed
2016-02-09 17:43:06  INFO [IskustnicaPack.RegistrationPageValueOne] : test1234 parol inputed
2016-02-09 17:43:07  INFO [IskustnicaPack.RegistrationPageValueOne] : test1234 repass inputed
2016-02-09 17:44:46  INFO [IskustnicaPack.MainPage] : Browser and main page were opened
2016-02-09 17:44:46  INFO [IskustnicaPack.MainPage] : Registration link was clicked
2016-02-09 17:44:53  INFO [IskustnicaPack.RegistrationPageValueOne] : Delivery type 'Samovivoz' (radio button) selected
2016-02-09 17:44:54  INFO [IskustnicaPack.RegistrationPageValueOne] : Ivanov Familia was Inputed
2016-02-09 17:44:54  INFO [IskustnicaPack.RegistrationPageValueOne] : Ivan Imia was Inputed
2016-02-09 17:44:55  INFO [IskustnicaPack.RegistrationPageValueOne] : Ivanovich Otchestvo was Inputed
2016-02-09 17:44:56  INFO [IskustnicaPack.RegistrationPageValueOne] : 02 den selected
2016-02-09 17:44:57  INFO [IskustnicaPack.RegistrationPageValueOne] : 01 mesiac selected
2016-02-09 17:44:58  INFO [IskustnicaPack.RegistrationPageValueOne] : 1945 god selected
2016-02-09 17:44:58  INFO [IskustnicaPack.RegistrationPageValueOne] : somemail@bk.ru E-mail inputed
2016-02-09 17:44:58  INFO [IskustnicaPack.RegistrationPageValueOne] : test1234 parol inputed
2016-02-09 17:44:59  INFO [IskustnicaPack.RegistrationPageValueOne] : test1234 repass inputed
2016-02-09 17:44:59  INFO [IskustnicaPack.RegistrationPageValueOne] : +38012345687 cellPhone inputed
2016-02-09 17:45:00  INFO [IskustnicaPack.RegistrationPageValueOne] : Button '<< Dalee/Enter >>' was clicked
2016-02-09 17:45:07  INFO [IskustnicaPack.RegistrationPageValueOne] : Button 'Registrirovat' was clicked 
2016-02-09 17:45:07  INFO [IskustnicaPack.RegistrationPageMessageSpasibo] : Registration failed
2016-02-09 17:49:28  INFO [IskustnicaPack.MainPage] : Browser and main page were opened
2016-02-09 17:49:30  INFO [IskustnicaPack.MainPage] : Registration link was clicked
2016-02-09 17:50:25  INFO [IskustnicaPack.MainPage] : Browser and main page were opened
2016-02-09 17:50:28  INFO [IskustnicaPack.MainPage] : Registration link was clicked
2016-02-09 17:50:28  INFO [IskustnicaPack.RegistrationPageValueOne] : Delivery type 'Samovivoz' (radio button) selected
2016-02-09 17:50:29  INFO [IskustnicaPack.RegistrationPageValueOne] : Ivanov Familia was Inputed
2016-02-09 17:50:29  INFO [IskustnicaPack.RegistrationPageValueOne] : Ivan Imia was Inputed
2016-02-09 17:50:30  INFO [IskustnicaPack.RegistrationPageValueOne] : Ivanovich Otchestvo was Inputed
2016-02-09 17:50:30  INFO [IskustnicaPack.RegistrationPageValueOne] : 02 den selected
2016-02-09 17:50:30  INFO [IskustnicaPack.RegistrationPageValueOne] : 01 mesiac selected
2016-02-09 17:50:31  INFO [IskustnicaPack.RegistrationPageValueOne] : 1945 god selected
2016-02-09 17:50:31  INFO [IskustnicaPack.RegistrationPageValueOne] : somemail@bk.ru E-mail inputed
2016-02-09 17:50:32  INFO [IskustnicaPack.RegistrationPageValueOne] : test1234 parol inputed
2016-02-09 17:50:33  INFO [IskustnicaPack.RegistrationPageValueOne] : test1234 repass inputed
2016-02-09 17:50:33  INFO [IskustnicaPack.RegistrationPageValueOne] : +38012345687 cellPhone inputed
2016-02-09 17:50:33  INFO [IskustnicaPack.RegistrationPageValueOne] : Button '<< Dalee/Enter >>' was clicked
2016-02-09 17:50:35  INFO [IskustnicaPack.RegistrationPageValueOne] : Button 'Registrirovat' was clicked 
2016-02-09 18:05:23  INFO [IskustnicaPack.MainPage] : Browser and main page were opened
2016-02-09 18:05:26  INFO [IskustnicaPack.MainPage] : Registration link was clicked
2016-02-09 18:05:26  INFO [IskustnicaPack.RegistrationPageValueOne] : Delivery type 'Samovivoz' (radio button) selected
2016-02-09 18:05:26  INFO [IskustnicaPack.RegistrationPageValueOne] : Ivanov Imia was Inputed
2016-02-09 18:05:27  INFO [IskustnicaPack.RegistrationPageValueOne] : Ivan Imia was Inputed
2016-02-09 18:05:27  INFO [IskustnicaPack.RegistrationPageValueOne] : Ivanovich Otchestvo was Inputed
2016-02-09 18:05:27  INFO [IskustnicaPack.RegistrationPageValueOne] : 02 den selected
2016-02-09 18:05:28  INFO [IskustnicaPack.RegistrationPageValueOne] : 01 mesiac selected
2016-02-09 18:05:28  INFO [IskustnicaPack.RegistrationPageValueOne] : 1945 god selected
2016-02-09 18:05:28  INFO [IskustnicaPack.RegistrationPageValueOne] : somemail@bk.ru E-mail inputed
2016-02-09 18:05:29  INFO [IskustnicaPack.RegistrationPageValueOne] : test1234 parol inputed
2016-02-09 18:05:29  INFO [IskustnicaPack.RegistrationPageValueOne] : test1234 repass inputed
2016-02-09 18:05:31  INFO [IskustnicaPack.RegistrationPageMessageSpasibo] : WebPage and Browser closed
2016-02-09 18:06:20  INFO [IskustnicaPack.MainPage] : Browser and main page were opened
2016-02-09 18:06:22  INFO [IskustnicaPack.MainPage] : Registration link was clicked
2016-02-09 18:06:22  INFO [IskustnicaPack.RegistrationPageValueOne] : Delivery type 'Samovivoz' (radio button) selected
2016-02-09 18:06:22  INFO [IskustnicaPack.RegistrationPageValueOne] : Ivanov Imia was Inputed
2016-02-09 18:06:22  INFO [IskustnicaPack.RegistrationPageValueOne] : Ivan Imia was Inputed
2016-02-09 18:06:23  INFO [IskustnicaPack.RegistrationPageValueOne] : Ivanovich Otchestvo was Inputed
2016-02-09 18:06:23  INFO [IskustnicaPack.RegistrationPageValueOne] : 02 den selected
2016-02-09 18:06:23  INFO [IskustnicaPack.RegistrationPageValueOne] : 01 mesiac selected
2016-02-09 18:06:23  INFO [IskustnicaPack.RegistrationPageValueOne] : 1945 god selected
2016-02-09 18:06:24  INFO [IskustnicaPack.RegistrationPageValueOne] : somemail@bk.ru E-mail inputed
2016-02-09 18:06:24  INFO [IskustnicaPack.RegistrationPageValueOne] : test1234 parol inputed
2016-02-09 18:06:25  INFO [IskustnicaPack.RegistrationPageValueOne] : test1234 repass inputed
2016-02-09 18:06:26  INFO [IskustnicaPack.RegistrationPageMessageSpasibo] : WebPage and Browser closed
2016-02-09 18:07:04  INFO [IskustnicaPack.MainPage] : Browser and main page were opened
2016-02-09 18:07:09  INFO [IskustnicaPack.MainPage] : Registration link was clicked
2016-02-09 18:07:09  INFO [IskustnicaPack.RegistrationPageValueOne] : Delivery type 'Samovivoz' (radio button) selected
2016-02-09 18:07:09  INFO [IskustnicaPack.RegistrationPageValueOne] : Ivanov Familia was Inputed
2016-02-09 18:07:10  INFO [IskustnicaPack.RegistrationPageValueOne] : Ivan Imia was Inputed
2016-02-09 18:07:10  INFO [IskustnicaPack.RegistrationPageValueOne] : Ivanovich Otchestvo was Inputed
2016-02-09 18:07:10  INFO [IskustnicaPack.RegistrationPageValueOne] : 02 den selected
2016-02-09 18:07:11  INFO [IskustnicaPack.RegistrationPageValueOne] : 01 mesiac selected
2016-02-09 18:07:11  INFO [IskustnicaPack.RegistrationPageValueOne] : 1945 god selected
2016-02-09 18:07:12  INFO [IskustnicaPack.RegistrationPageValueOne] : somemail@bk.ru E-mail inputed
2016-02-09 18:07:12  INFO [IskustnicaPack.RegistrationPageValueOne] : test1234 parol inputed
2016-02-09 18:07:13  INFO [IskustnicaPack.RegistrationPageValueOne] : test1234 repass inputed
2016-02-09 18:07:14  INFO [IskustnicaPack.RegistrationPageValueOne] : +38012345687 cellPhone inputed
2016-02-09 18:07:14  INFO [IskustnicaPack.RegistrationPageValueOne] : Button '<< Dalee/Enter >>' was clicked
2016-02-09 18:07:18  INFO [IskustnicaPack.RegistrationPageValueOne] : Button 'Registrirovat' was clicked 
2016-02-09 18:07:19  INFO [IskustnicaPack.RegistrationPageMessageSpasibo] : WebPage and Browser closed
2016-02-09 18:37:39  INFO [IskustnicaPack.MainPage] : Browser and main page were opened
2016-02-09 18:37:42  INFO [IskustnicaPack.MainPage] : Registration link was clicked
2016-02-09 18:37:43  INFO [IskustnicaPack.RegistrationPageValueOne] : Delivery type 'Samovivoz' (radio button) selected
2016-02-09 18:37:43  INFO [IskustnicaPack.RegistrationPageValueOne] : Ivanov Familia was Inputed
2016-02-09 18:37:44  INFO [IskustnicaPack.RegistrationPageValueOne] : Ivan Imia was Inputed
2016-02-09 18:37:44  INFO [IskustnicaPack.RegistrationPageValueOne] : Ivanovich Otchestvo was Inputed
2016-02-09 18:37:44  INFO [IskustnicaPack.RegistrationPageValueOne] : 02 den selected
2016-02-09 18:37:45  INFO [IskustnicaPack.RegistrationPageValueOne] : 01 mesiac selected
2016-02-09 18:37:45  INFO [IskustnicaPack.RegistrationPageValueOne] : 1945 god selected
2016-02-09 18:37:45  INFO [IskustnicaPack.RegistrationPageValueOne] : somemail@bk.ru E-mail inputed
2016-02-09 18:37:46  INFO [IskustnicaPack.RegistrationPageValueOne] : test1234 parol inputed
2016-02-09 18:37:46  INFO [IskustnicaPack.RegistrationPageValueOne] : test1234 repass inputed
2016-02-09 18:37:47  INFO [IskustnicaPack.RegistrationPageValueOne] : +38012345687 cellPhone inputed
2016-02-09 18:37:47  INFO [IskustnicaPack.RegistrationPageValueOne] : Button '<< Dalee/Enter >>' was clicked
2016-02-09 18:37:52  INFO [IskustnicaPack.RegistrationPageValueOne] : Button 'Registrirovat' was clicked 
2016-02-09 18:37:53  INFO [IskustnicaPack.RegistrationPageMessageSpasibo] : WebPage and Browser closed
2016-08-09 11:05:12  INFO [IskustnicaPack.MainPage] : Browser and main page were opened
2016-08-09 11:05:16  INFO [IskustnicaPack.MainPage] : Registration link was clicked
2016-08-09 11:05:16  INFO [IskustnicaPack.RegistrationPageValueOne] : Delivery type 'Samovivoz' (radio button) selected
2016-08-09 11:05:16  INFO [IskustnicaPack.RegistrationPageValueOne] : Ivanov Familia was Inputed
2016-08-09 11:05:16  INFO [IskustnicaPack.RegistrationPageValueOne] : Ivan Imia was Inputed
2016-08-09 11:05:17  INFO [IskustnicaPack.RegistrationPageValueOne] : Ivanovich Otchestvo was Inputed
2016-08-09 11:05:17  INFO [IskustnicaPack.RegistrationPageValueOne] : 02 den selected
2016-08-09 11:05:17  INFO [IskustnicaPack.RegistrationPageValueOne] : 01 mesiac selected
2016-08-09 11:05:18  INFO [IskustnicaPack.RegistrationPageValueOne] : 1945 god selected
2016-08-09 11:05:18  INFO [IskustnicaPack.RegistrationPageValueOne] : somemail@bk.ru E-mail inputed
2016-08-09 11:05:18  INFO [IskustnicaPack.RegistrationPageValueOne] : test1234 parol inputed
2016-08-09 11:05:19  INFO [IskustnicaPack.RegistrationPageValueOne] : test1234 repass inputed
2016-08-09 11:05:19  INFO [IskustnicaPack.RegistrationPageValueOne] : +38012345687 cellPhone inputed
2016-08-09 11:05:20  INFO [IskustnicaPack.RegistrationPageValueOne] : Button '<< Dalee/Enter >>' was clicked
2016-08-09 11:06:03  INFO [IskustnicaPack.RegistrationPageValueOne] : Button 'Registrirovat' was clicked 
2016-08-09 11:06:06  INFO [IskustnicaPack.RegistrationPageMessageSpasibo] : WebPage and Browser closed
2016-08-09 11:25:33  INFO [IskustnicaPack.MainPage] : Browser and main page were opened
2016-08-09 11:25:35  INFO [IskustnicaPack.MainPage] : Registration link was clicked
2016-08-09 11:25:35  INFO [IskustnicaPack.RegistrationPageValueOne] : Delivery type 'Samovivoz' (radio button) selected
2016-08-09 11:25:36  INFO [IskustnicaPack.RegistrationPageValueOne] : Ivanov Familia was Inputed
2016-08-09 11:25:36  INFO [IskustnicaPack.RegistrationPageValueOne] : Ivan Imia was Inputed
2016-08-09 11:25:36  INFO [IskustnicaPack.RegistrationPageValueOne] : Ivanovich Otchestvo was Inputed
2016-08-09 11:25:37  INFO [IskustnicaPack.RegistrationPageValueOne] : 02 den selected
2016-08-09 11:25:37  INFO [IskustnicaPack.RegistrationPageValueOne] : 01 mesiac selected
2016-08-09 11:25:37  INFO [IskustnicaPack.RegistrationPageValueOne] : 1945 god selected
2016-08-09 11:25:38  INFO [IskustnicaPack.RegistrationPageValueOne] : somemail@bk.ru E-mail inputed
2016-08-09 11:25:39  INFO [IskustnicaPack.RegistrationPageValueOne] : test1234 parol inputed
2016-08-09 11:25:39  INFO [IskustnicaPack.RegistrationPageValueOne] : test1234 repass inputed
2016-08-09 11:25:39  INFO [IskustnicaPack.RegistrationPageValueOne] : +38012345687 cellPhone inputed
2016-08-09 11:25:40  INFO [IskustnicaPack.RegistrationPageValueOne] : Button '<< Dalee/Enter >>' was clicked
2016-08-09 11:25:41  INFO [IskustnicaPack.RegistrationPageValueOne] : Button 'Registrirovat' was clicked 
2016-08-09 11:25:43  INFO [IskustnicaPack.RegistrationPageMessageSpasibo] : WebPage and Browser closed
2016-08-09 12:01:49  INFO [IskustnicaPack.MainPage] : Browser and main page were opened
2016-08-09 12:01:52  INFO [IskustnicaPack.MainPage] : Registration link was clicked
2016-08-09 12:01:52  INFO [IskustnicaPack.RegistrationPageValueOne] : Delivery type 'Samovivoz' (radio button) selected
2016-08-09 12:01:53  INFO [IskustnicaPack.RegistrationPageValueOne] : Ivanov Familia was Inputed
2016-08-09 12:01:53  INFO [IskustnicaPack.RegistrationPageValueOne] : Ivan Imia was Inputed
2016-08-09 12:01:55  INFO [IskustnicaPack.RegistrationPageMessageSpasibo] : WebPage and Browser closed
2016-08-09 12:03:06  INFO [IskustnicaPack.MainPage] : Browser and main page were opened
2016-08-09 12:03:07  INFO [IskustnicaPack.MainPage] : Registration link was clicked
2016-08-09 12:03:09  INFO [IskustnicaPack.RegistrationPageValueOne] : Delivery type 'Samovivoz' (radio button) selected
2016-08-09 12:03:09  INFO [IskustnicaPack.RegistrationPageValueOne] : Ivanov Familia was Inputed
2016-08-09 12:03:10  INFO [IskustnicaPack.RegistrationPageValueOne] : Ivan Imia was Inputed
2016-08-09 12:03:10  INFO [IskustnicaPack.RegistrationPageValueOne] : Ivanovich Otchestvo was Inputed
2016-08-09 12:03:11  INFO [IskustnicaPack.RegistrationPageMessageSpasibo] : WebPage and Browser closed
2016-08-09 12:03:19  INFO [IskustnicaPack.MainPage] : Browser and main page were opened
2016-08-09 12:03:21  INFO [IskustnicaPack.MainPage] : Registration link was clicked
2016-08-09 12:03:21  INFO [IskustnicaPack.RegistrationPageValueOne] : Delivery type 'Samovivoz' (radio button) selected
2016-08-09 12:03:22  INFO [IskustnicaPack.RegistrationPageValueOne] : petrov Familia was Inputed
2016-08-09 12:03:22  INFO [IskustnicaPack.RegistrationPageValueOne] : petr Imia was Inputed
2016-08-09 12:03:22  INFO [IskustnicaPack.RegistrationPageValueOne] : petrovich Otchestvo was Inputed
2016-08-09 12:03:23  INFO [IskustnicaPack.RegistrationPageMessageSpasibo] : WebPage and Browser closed
2016-08-09 12:04:32  INFO [IskustnicaPack.MainPage] : Browser and main page were opened
2016-08-09 12:04:34  INFO [IskustnicaPack.MainPage] : Registration link was clicked
2016-08-09 12:04:35  INFO [IskustnicaPack.RegistrationPageValueOne] : Delivery type 'Samovivoz' (radio button) selected
2016-08-09 12:04:35  INFO [IskustnicaPack.RegistrationPageValueOne] : Ivanov Familia was Inputed
2016-08-09 12:04:35  INFO [IskustnicaPack.RegistrationPageValueOne] : Ivan Imia was Inputed
2016-08-09 12:04:36  INFO [IskustnicaPack.RegistrationPageValueOne] : Ivanovich Otchestvo was Inputed
2016-08-09 12:04:37  INFO [IskustnicaPack.RegistrationPageMessageSpasibo] : WebPage and Browser closed
2016-08-09 12:04:44  INFO [IskustnicaPack.MainPage] : Browser and main page were opened
2016-08-09 12:04:46  INFO [IskustnicaPack.MainPage] : Registration link was clicked
2016-08-09 12:04:47  INFO [IskustnicaPack.RegistrationPageValueOne] : Delivery type 'Samovivoz' (radio button) selected
2016-08-09 12:04:47  INFO [IskustnicaPack.RegistrationPageValueOne] : petrov Familia was Inputed
2016-08-09 12:04:47  INFO [IskustnicaPack.RegistrationPageValueOne] : petr Imia was Inputed
2016-08-09 12:04:47  INFO [IskustnicaPack.RegistrationPageValueOne] : petrovich Otchestvo was Inputed
2016-08-09 12:04:48  INFO [IskustnicaPack.RegistrationPageMessageSpasibo] : WebPage and Browser closed
2016-08-09 13:16:10  INFO [IskustnicaPack.MainPage] : Browser and main page were opened
2016-08-09 13:16:13  INFO [IskustnicaPack.MainPage] : Registration link was clicked
2016-08-09 13:16:13  INFO [IskustnicaPack.RegistrationPageValueOne] : Delivery type 'Samovivoz' (radio button) selected
2016-08-09 13:16:13  INFO [IskustnicaPack.RegistrationPageValueOne] : ivanov Familia was Inputed
2016-08-09 13:16:14  INFO [IskustnicaPack.RegistrationPageValueOne] : ivan Imia was Inputed
2016-08-09 13:16:14  INFO [IskustnicaPack.RegistrationPageValueOne] : ivanovic Otchestvo was Inputed
2016-08-09 13:16:15  INFO [IskustnicaPack.RegistrationPageValueOne] : 01 den selected
2016-08-09 13:16:15  INFO [IskustnicaPack.RegistrationPageValueOne] : 02 mesiac selected
2016-08-09 13:16:15  INFO [IskustnicaPack.RegistrationPageValueOne] : 1945 god selected
2016-08-09 13:16:16  INFO [IskustnicaPack.RegistrationPageValueOne] : somemail@bk.ru E-mail inputed
2016-08-09 13:16:16  INFO [IskustnicaPack.RegistrationPageValueOne] : test1234 parol inputed
2016-08-09 13:16:17  INFO [IskustnicaPack.RegistrationPageValueOne] : test1234 repass inputed
2016-08-09 13:16:17  INFO [IskustnicaPack.RegistrationPageValueOne] : 0909090 cellPhone inputed
2016-08-09 13:16:17  INFO [IskustnicaPack.RegistrationPageValueOne] : Button '<< Dalee/Enter >>' was clicked
2016-08-09 13:17:01  INFO [IskustnicaPack.RegistrationPageValueOne] : Button 'Registrirovat' was clicked 
2016-08-09 13:17:03  INFO [IskustnicaPack.RegistrationPageMessageSpasibo] : WebPage and Browser closed
2016-08-09 13:18:42  INFO [IskustnicaPack.MainPage] : Browser and main page were opened
2016-08-09 13:18:44  INFO [IskustnicaPack.MainPage] : Registration link was clicked
2016-08-09 13:18:44  INFO [IskustnicaPack.RegistrationPageValueOne] : Delivery type 'Samovivoz' (radio button) selected
2016-08-09 13:18:44  INFO [IskustnicaPack.RegistrationPageValueOne] : ivanov Familia was Inputed
2016-08-09 13:18:45  INFO [IskustnicaPack.RegistrationPageValueOne] : ivan Imia was Inputed
2016-08-09 13:18:45  INFO [IskustnicaPack.RegistrationPageValueOne] : ivanovic Otchestvo was Inputed
2016-08-09 13:18:45  INFO [IskustnicaPack.RegistrationPageValueOne] : 01 den selected
2016-08-09 13:18:46  INFO [IskustnicaPack.RegistrationPageValueOne] : 02 mesiac selected
2016-08-09 13:18:46  INFO [IskustnicaPack.RegistrationPageValueOne] : 1945 god selected
2016-08-09 13:18:46  INFO [IskustnicaPack.RegistrationPageValueOne] : somemail@bk.ru E-mail inputed
2016-08-09 13:18:47  INFO [IskustnicaPack.RegistrationPageValueOne] : test1234 parol inputed
2016-08-09 13:18:48  INFO [IskustnicaPack.RegistrationPageValueOne] : test1234 repass inputed
2016-08-09 13:18:48  INFO [IskustnicaPack.RegistrationPageValueOne] : 0909090 cellPhone inputed
2016-08-09 13:18:48  INFO [IskustnicaPack.RegistrationPageValueOne] : Button '<< Dalee/Enter >>' was clicked
2016-08-09 13:18:52  INFO [IskustnicaPack.RegistrationPageValueOne] : Button 'Registrirovat' was clicked 
2016-08-09 13:18:53  INFO [IskustnicaPack.RegistrationPageMessageSpasibo] : WebPage and Browser closed
2016-08-09 13:19:00  INFO [IskustnicaPack.MainPage] : Browser and main page were opened
2016-08-09 13:19:44  INFO [IskustnicaPack.MainPage] : Registration link was clicked
2016-08-09 13:19:45  INFO [IskustnicaPack.RegistrationPageValueOne] : Delivery type 'Samovivoz' (radio button) selected
2016-08-09 13:19:45  INFO [IskustnicaPack.RegistrationPageValueOne] : petrov Familia was Inputed
2016-08-09 13:19:45  INFO [IskustnicaPack.RegistrationPageValueOne] : petr Imia was Inputed
2016-08-09 13:19:46  INFO [IskustnicaPack.RegistrationPageValueOne] : petrovic Otchestvo was Inputed
2016-08-09 13:19:46  INFO [IskustnicaPack.RegistrationPageValueOne] : 04 den selected
2016-08-09 13:19:46  INFO [IskustnicaPack.RegistrationPageValueOne] : 12 mesiac selected
2016-08-09 13:19:47  INFO [IskustnicaPack.RegistrationPageValueOne] : 1985 god selected
2016-08-09 13:19:47  INFO [IskustnicaPack.RegistrationPageValueOne] : somemail@bk.ru E-mail inputed
2016-08-09 13:19:47  INFO [IskustnicaPack.RegistrationPageValueOne] : test1234 parol inputed
2016-08-09 13:19:48  INFO [IskustnicaPack.RegistrationPageValueOne] : test1234 repass inputed
2016-08-09 13:19:48  INFO [IskustnicaPack.RegistrationPageValueOne] : 0123456778 cellPhone inputed
2016-08-09 13:19:48  INFO [IskustnicaPack.RegistrationPageValueOne] : Button '<< Dalee/Enter >>' was clicked
2016-08-09 13:19:50  INFO [IskustnicaPack.RegistrationPageValueOne] : Button 'Registrirovat' was clicked 
2016-08-09 13:19:52  INFO [IskustnicaPack.RegistrationPageMessageSpasibo] : WebPage and Browser closed
2016-08-09 13:23:28  INFO [IskustnicaPack.MainPage] : Browser and main page were opened
2016-08-09 13:23:31  INFO [IskustnicaPack.MainPage] : Registration link was clicked
2016-08-09 13:23:31  INFO [IskustnicaPack.RegistrationPageValueOne] : Delivery type 'Samovivoz' (radio button) selected
2016-08-09 13:23:31  INFO [IskustnicaPack.RegistrationPageValueOne] : ivanov Familia was Inputed
2016-08-09 13:23:32  INFO [IskustnicaPack.RegistrationPageValueOne] : ivan Imia was Inputed
2016-08-09 13:23:32  INFO [IskustnicaPack.RegistrationPageValueOne] : ivanovic Otchestvo was Inputed
2016-08-09 13:23:32  INFO [IskustnicaPack.RegistrationPageValueOne] : 01 den selected
2016-08-09 13:23:33  INFO [IskustnicaPack.RegistrationPageValueOne] : 02 mesiac selected
2016-08-09 13:23:33  INFO [IskustnicaPack.RegistrationPageValueOne] : 1945 god selected
2016-08-09 13:23:33  INFO [IskustnicaPack.RegistrationPageValueOne] : somemail@bk.ru E-mail inputed
2016-08-09 13:23:34  INFO [IskustnicaPack.RegistrationPageValueOne] : test1234 parol inputed
2016-08-09 13:23:34  INFO [IskustnicaPack.RegistrationPageValueOne] : test1234 repass inputed
2016-08-09 13:23:35  INFO [IskustnicaPack.RegistrationPageValueOne] : 0909090 cellPhone inputed
2016-08-09 13:23:35  INFO [IskustnicaPack.RegistrationPageValueOne] : Button '<< Dalee/Enter >>' was clicked
2016-08-09 13:23:37  INFO [IskustnicaPack.RegistrationPageValueOne] : Button 'Registrirovat' was clicked 
2016-08-09 13:23:38  INFO [IskustnicaPack.RegistrationPageMessageSpasibo] : WebPage and Browser closed
2016-08-09 13:23:45  INFO [IskustnicaPack.MainPage] : Browser and main page were opened
2016-08-09 13:23:47  INFO [IskustnicaPack.MainPage] : Registration link was clicked
2016-08-09 13:23:48  INFO [IskustnicaPack.RegistrationPageValueOne] : Delivery type 'Samovivoz' (radio button) selected
2016-08-09 13:23:48  INFO [IskustnicaPack.RegistrationPageValueOne] : petrov Familia was Inputed
2016-08-09 13:23:48  INFO [IskustnicaPack.RegistrationPageValueOne] : petr Imia was Inputed
2016-08-09 13:23:49  INFO [IskustnicaPack.RegistrationPageValueOne] : petrovic Otchestvo was Inputed
2016-08-09 13:23:49  INFO [IskustnicaPack.RegistrationPageValueOne] : 04 den selected
2016-08-09 13:23:49  INFO [IskustnicaPack.RegistrationPageValueOne] : 12 mesiac selected
2016-08-09 13:23:50  INFO [IskustnicaPack.RegistrationPageValueOne] : 1985 god selected
2016-08-09 13:23:50  INFO [IskustnicaPack.RegistrationPageValueOne] : somemail@bk.ru E-mail inputed
2016-08-09 13:23:51  INFO [IskustnicaPack.RegistrationPageValueOne] : test1234 parol inputed
2016-08-09 13:23:51  INFO [IskustnicaPack.RegistrationPageValueOne] : test1234 repass inputed
2016-08-09 13:23:52  INFO [IskustnicaPack.RegistrationPageValueOne] : 0123456778 cellPhone inputed
2016-08-09 13:23:52  INFO [IskustnicaPack.RegistrationPageValueOne] : Button '<< Dalee/Enter >>' was clicked
2016-08-09 13:23:54  INFO [IskustnicaPack.RegistrationPageValueOne] : Button 'Registrirovat' was clicked 
2016-08-09 13:23:55  INFO [IskustnicaPack.RegistrationPageMessageSpasibo] : WebPage and Browser closed
2016-08-09 13:26:11  INFO [IskustnicaPack.MainPage] : Browser and main page were opened
2016-08-09 13:26:34  INFO [IskustnicaPack.MainPage] : Registration link was clicked
2016-08-09 13:26:34  INFO [IskustnicaPack.RegistrationPageValueOne] : Delivery type 'Samovivoz' (radio button) selected
2016-08-09 13:26:34  INFO [IskustnicaPack.RegistrationPageValueOne] : ivanov Familia was Inputed
2016-08-09 13:26:35  INFO [IskustnicaPack.RegistrationPageValueOne] : ivan Imia was Inputed
2016-08-09 13:26:35  INFO [IskustnicaPack.RegistrationPageValueOne] : ivanovic Otchestvo was Inputed
2016-08-09 13:26:35  INFO [IskustnicaPack.RegistrationPageValueOne] : 01 den selected
2016-08-09 13:26:35  INFO [IskustnicaPack.RegistrationPageValueOne] : 02 mesiac selected
2016-08-09 13:26:36  INFO [IskustnicaPack.RegistrationPageValueOne] : 1945 god selected
2016-08-09 13:26:36  INFO [IskustnicaPack.RegistrationPageValueOne] : somemail@bk.ru E-mail inputed
2016-08-09 13:26:37  INFO [IskustnicaPack.RegistrationPageValueOne] : test1234 parol inputed
2016-08-09 13:26:37  INFO [IskustnicaPack.RegistrationPageValueOne] : test1234 repass inputed
2016-08-09 13:26:38  INFO [IskustnicaPack.RegistrationPageValueOne] : 0909090 cellPhone inputed
2016-08-09 13:26:38  INFO [IskustnicaPack.RegistrationPageValueOne] : Button '<< Dalee/Enter >>' was clicked
2016-08-09 13:27:01  INFO [IskustnicaPack.RegistrationPageValueOne] : Button 'Registrirovat' was clicked 
2016-08-09 13:27:02  INFO [IskustnicaPack.RegistrationPageMessageSpasibo] : WebPage and Browser closed
2016-08-09 13:27:13  INFO [IskustnicaPack.MainPage] : Browser and main page were opened
2016-08-09 13:27:17  INFO [IskustnicaPack.MainPage] : Registration link was clicked
2016-08-09 13:27:17  INFO [IskustnicaPack.RegistrationPageValueOne] : Delivery type 'Samovivoz' (radio button) selected
2016-08-09 13:27:17  INFO [IskustnicaPack.RegistrationPageValueOne] : petrov Familia was Inputed
2016-08-09 13:27:18  INFO [IskustnicaPack.RegistrationPageValueOne] : petr Imia was Inputed
2016-08-09 13:27:18  INFO [IskustnicaPack.RegistrationPageValueOne] : petrovic Otchestvo was Inputed
2016-08-09 13:27:18  INFO [IskustnicaPack.RegistrationPageValueOne] : 04 den selected
2016-08-09 13:27:18  INFO [IskustnicaPack.RegistrationPageValueOne] : 12 mesiac selected
2016-08-09 13:27:19  INFO [IskustnicaPack.RegistrationPageValueOne] : 1985 god selected
2016-08-09 13:27:19  INFO [IskustnicaPack.RegistrationPageValueOne] : somemail@bk.ru E-mail inputed
2016-08-09 13:27:20  INFO [IskustnicaPack.RegistrationPageValueOne] : test1234 parol inputed
2016-08-09 13:27:20  INFO [IskustnicaPack.RegistrationPageValueOne] : test1234 repass inputed
2016-08-09 13:27:20  INFO [IskustnicaPack.RegistrationPageValueOne] : 0123456778 cellPhone inputed
2016-08-09 13:27:21  INFO [IskustnicaPack.RegistrationPageValueOne] : Button '<< Dalee/Enter >>' was clicked
2016-08-09 13:28:04  INFO [IskustnicaPack.RegistrationPageValueOne] : Button 'Registrirovat' was clicked 
2016-08-09 13:28:05  INFO [IskustnicaPack.RegistrationPageMessageSpasibo] : WebPage and Browser closed
2016-08-09 13:28:12  INFO [IskustnicaPack.MainPage] : Browser and main page were opened
2016-08-09 13:28:15  INFO [IskustnicaPack.MainPage] : Registration link was clicked
2016-08-09 13:28:15  INFO [IskustnicaPack.RegistrationPageValueOne] : Delivery type 'Samovivoz' (radio button) selected
2016-08-09 13:28:15  INFO [IskustnicaPack.RegistrationPageValueOne] : semen Familia was Inputed
2016-08-09 13:28:15  INFO [IskustnicaPack.RegistrationPageValueOne] : semen Imia was Inputed
2016-08-09 13:28:16  INFO [IskustnicaPack.RegistrationPageValueOne] : semene Otchestvo was Inputed
2016-08-09 13:28:16  INFO [IskustnicaPack.RegistrationPageValueOne] : 07 den selected
2016-08-09 13:28:16  INFO [IskustnicaPack.RegistrationPageValueOne] : 11 mesiac selected
2016-08-09 13:28:17  INFO [IskustnicaPack.RegistrationPageValueOne] : 1989 god selected
2016-08-09 13:28:17  INFO [IskustnicaPack.RegistrationPageValueOne] : somemail@bk.ru E-mail inputed
2016-08-09 13:28:17  INFO [IskustnicaPack.RegistrationPageValueOne] : testtest parol inputed
2016-08-09 13:28:18  INFO [IskustnicaPack.RegistrationPageValueOne] : testtest repass inputed
2016-08-09 13:28:18  INFO [IskustnicaPack.RegistrationPageValueOne] : 123456789 cellPhone inputed
2016-08-09 13:28:18  INFO [IskustnicaPack.RegistrationPageValueOne] : Button '<< Dalee/Enter >>' was clicked
2016-08-09 13:28:20  INFO [IskustnicaPack.RegistrationPageValueOne] : Button 'Registrirovat' was clicked 
2016-08-09 13:28:22  INFO [IskustnicaPack.RegistrationPageMessageSpasibo] : WebPage and Browser closed
2016-08-09 13:33:04  INFO [IskustnicaPack.MainPage] : Browser and main page were opened
2016-08-09 13:33:06  INFO [IskustnicaPack.MainPage] : Registration link was clicked
2016-08-09 13:33:06  INFO [IskustnicaPack.RegistrationPageValueOne] : Delivery type 'Samovivoz' (radio button) selected
2016-08-09 13:33:06  INFO [IskustnicaPack.RegistrationPageValueOne] : ivanov Familia was Inputed
2016-08-09 13:33:06  INFO [IskustnicaPack.RegistrationPageValueOne] : ivan Imia was Inputed
2016-08-09 13:33:07  INFO [IskustnicaPack.RegistrationPageValueOne] : ivanovic Otchestvo was Inputed
2016-08-09 13:33:07  INFO [IskustnicaPack.RegistrationPageValueOne] : 01 den selected
2016-08-09 13:33:07  INFO [IskustnicaPack.RegistrationPageValueOne] : 02 mesiac selected
2016-08-09 13:33:08  INFO [IskustnicaPack.RegistrationPageValueOne] : 1945 god selected
2016-08-09 13:33:08  INFO [IskustnicaPack.RegistrationPageValueOne] : somemail@bk.ru E-mail inputed
2016-08-09 13:33:09  INFO [IskustnicaPack.RegistrationPageValueOne] : test1234 parol inputed
2016-08-09 13:33:09  INFO [IskustnicaPack.RegistrationPageValueOne] : test1234 repass inputed
2016-08-09 13:33:09  INFO [IskustnicaPack.RegistrationPageValueOne] : 0909090 cellPhone inputed
2016-08-09 13:33:10  INFO [IskustnicaPack.RegistrationPageValueOne] : Button '<< Dalee/Enter >>' was clicked
2016-08-09 13:33:11  INFO [IskustnicaPack.RegistrationPageValueOne] : Button 'Registrirovat' was clicked 
2016-08-09 13:33:13  INFO [IskustnicaPack.RegistrationPageMessageSpasibo] : WebPage and Browser closed
2016-08-09 13:33:40  INFO [IskustnicaPack.MainPage] : Browser and main page were opened
2016-08-09 13:34:25  INFO [IskustnicaPack.MainPage] : Registration link was clicked
2016-08-09 13:34:25  INFO [IskustnicaPack.RegistrationPageValueOne] : Delivery type 'Samovivoz' (radio button) selected
2016-08-09 13:34:25  INFO [IskustnicaPack.RegistrationPageValueOne] : petrov Familia was Inputed
2016-08-09 13:34:26  INFO [IskustnicaPack.RegistrationPageValueOne] : petr Imia was Inputed
2016-08-09 13:34:26  INFO [IskustnicaPack.RegistrationPageValueOne] : petrovic Otchestvo was Inputed
2016-08-09 13:34:26  INFO [IskustnicaPack.RegistrationPageValueOne] : 04 den selected
2016-08-09 13:34:27  INFO [IskustnicaPack.RegistrationPageValueOne] : 12 mesiac selected
2016-08-09 13:34:27  INFO [IskustnicaPack.RegistrationPageValueOne] : 1985 god selected
2016-08-09 13:34:27  INFO [IskustnicaPack.RegistrationPageValueOne] : somemail@bk.ru E-mail inputed
2016-08-09 13:34:28  INFO [IskustnicaPack.RegistrationPageValueOne] : test1234 parol inputed
2016-08-09 13:34:28  INFO [IskustnicaPack.RegistrationPageValueOne] : test1234 repass inputed
2016-08-09 13:34:29  INFO [IskustnicaPack.RegistrationPageValueOne] : 0123456778 cellPhone inputed
2016-08-09 13:34:29  INFO [IskustnicaPack.RegistrationPageValueOne] : Button '<< Dalee/Enter >>' was clicked
2016-08-09 13:35:13  INFO [IskustnicaPack.RegistrationPageValueOne] : Button 'Registrirovat' was clicked 
2016-08-09 13:35:14  INFO [IskustnicaPack.RegistrationPageMessageSpasibo] : WebPage and Browser closed
2016-08-09 13:35:39  INFO [IskustnicaPack.MainPage] : Browser and main page were opened
2016-08-09 13:35:46  INFO [IskustnicaPack.MainPage] : Registration link was clicked
2016-08-09 13:35:46  INFO [IskustnicaPack.RegistrationPageValueOne] : Delivery type 'Samovivoz' (radio button) selected
2016-08-09 13:35:46  INFO [IskustnicaPack.RegistrationPageValueOne] : semen Familia was Inputed
2016-08-09 13:35:47  INFO [IskustnicaPack.RegistrationPageValueOne] : semen Imia was Inputed
2016-08-09 13:35:47  INFO [IskustnicaPack.RegistrationPageValueOne] : semene Otchestvo was Inputed
2016-08-09 13:35:47  INFO [IskustnicaPack.RegistrationPageValueOne] : 07 den selected
2016-08-09 13:35:47  INFO [IskustnicaPack.RegistrationPageValueOne] : 11 mesiac selected
2016-08-09 13:35:48  INFO [IskustnicaPack.RegistrationPageValueOne] : 1989 god selected
2016-08-09 13:35:48  INFO [IskustnicaPack.RegistrationPageValueOne] : somemail@bk.ru E-mail inputed
2016-08-09 13:35:49  INFO [IskustnicaPack.RegistrationPageValueOne] : testtest parol inputed
2016-08-09 13:35:49  INFO [IskustnicaPack.RegistrationPageValueOne] : testtest repass inputed
2016-08-09 13:35:49  INFO [IskustnicaPack.RegistrationPageValueOne] : 123456789 cellPhone inputed
2016-08-09 13:35:49  INFO [IskustnicaPack.RegistrationPageValueOne] : Button '<< Dalee/Enter >>' was clicked
2016-08-09 13:36:33  INFO [IskustnicaPack.RegistrationPageValueOne] : Button 'Registrirovat' was clicked 
2016-08-09 13:36:34  INFO [IskustnicaPack.RegistrationPageMessageSpasibo] : WebPage and Browser closed
2016-08-09 13:41:40  INFO [IskustnicaPack.MainPage] : Browser and main page were opened
2016-08-09 13:41:40  INFO [IskustnicaPack.MainPage] : Browser and main page were opened
2016-08-09 13:41:41  INFO [IskustnicaPack.MainPage] : Browser and main page were opened
2016-08-09 13:41:46  INFO [IskustnicaPack.MainPage] : Registration link was clicked
2016-08-09 13:41:47  INFO [IskustnicaPack.MainPage] : Registration link was clicked
2016-08-09 13:41:48  INFO [IskustnicaPack.RegistrationPageValueOne] : Delivery type 'Samovivoz' (radio button) selected
2016-08-09 13:41:48  INFO [IskustnicaPack.MainPage] : Registration link was clicked
2016-08-09 13:41:49  INFO [IskustnicaPack.RegistrationPageValueOne] : petrov Familia was Inputed
2016-08-09 13:41:49  INFO [IskustnicaPack.RegistrationPageValueOne] : Delivery type 'Samovivoz' (radio button) selected
2016-08-09 13:41:50  INFO [IskustnicaPack.RegistrationPageValueOne] : petr Imia was Inputed
2016-08-09 13:41:50  INFO [IskustnicaPack.RegistrationPageValueOne] : Delivery type 'Samovivoz' (radio button) selected
2016-08-09 13:41:50  INFO [IskustnicaPack.RegistrationPageValueOne] : petrovic Otchestvo was Inputed
2016-08-09 13:41:51  INFO [IskustnicaPack.RegistrationPageValueOne] : semen Familia was Inputed
2016-08-09 13:41:51  INFO [IskustnicaPack.RegistrationPageValueOne] : 04 den selected
2016-08-09 13:41:52  INFO [IskustnicaPack.RegistrationPageValueOne] : ivanov Familia was Inputed
2016-08-09 13:41:52  INFO [IskustnicaPack.RegistrationPageValueOne] : 12 mesiac selected
2016-08-09 13:41:52  INFO [IskustnicaPack.RegistrationPageValueOne] : semen Imia was Inputed
2016-08-09 13:41:53  INFO [IskustnicaPack.RegistrationPageValueOne] : ivan Imia was Inputed
2016-08-09 13:41:53  INFO [IskustnicaPack.RegistrationPageValueOne] : 1985 god selected
2016-08-09 13:41:54  INFO [IskustnicaPack.RegistrationPageValueOne] : somemail@bk.ru E-mail inputed
2016-08-09 13:41:54  INFO [IskustnicaPack.RegistrationPageValueOne] : semene Otchestvo was Inputed
2016-08-09 13:41:55  INFO [IskustnicaPack.RegistrationPageValueOne] : ivanovic Otchestvo was Inputed
2016-08-09 13:41:56  INFO [IskustnicaPack.RegistrationPageValueOne] : test1234 parol inputed
2016-08-09 13:41:56  INFO [IskustnicaPack.RegistrationPageValueOne] : 07 den selected
2016-08-09 13:41:56  INFO [IskustnicaPack.RegistrationPageValueOne] : test1234 repass inputed
2016-08-09 13:41:57  INFO [IskustnicaPack.RegistrationPageValueOne] : 01 den selected
2016-08-09 13:41:57  INFO [IskustnicaPack.RegistrationPageValueOne] : 0123456778 cellPhone inputed
2016-08-09 13:41:57  INFO [IskustnicaPack.RegistrationPageValueOne] : Button '<< Dalee/Enter >>' was clicked
2016-08-09 13:41:57  INFO [IskustnicaPack.RegistrationPageValueOne] : 11 mesiac selected
2016-08-09 13:41:59  INFO [IskustnicaPack.RegistrationPageValueOne] : 02 mesiac selected
2016-08-09 13:42:00  INFO [IskustnicaPack.RegistrationPageValueOne] : 1989 god selected
2016-08-09 13:42:01  INFO [IskustnicaPack.RegistrationPageValueOne] : 1945 god selected
2016-08-09 13:42:03  INFO [IskustnicaPack.RegistrationPageValueOne] : somemail@bk.ru E-mail inputed
2016-08-09 13:42:03  INFO [IskustnicaPack.RegistrationPageValueOne] : somemail@bk.ru E-mail inputed
2016-08-09 13:42:05  INFO [IskustnicaPack.RegistrationPageValueOne] : testtest parol inputed
2016-08-09 13:42:05  INFO [IskustnicaPack.RegistrationPageValueOne] : test1234 parol inputed
2016-08-09 13:42:05  INFO [IskustnicaPack.RegistrationPageValueOne] : test1234 repass inputed
2016-08-09 13:42:06  INFO [IskustnicaPack.RegistrationPageValueOne] : testtest repass inputed
2016-08-09 13:42:06  INFO [IskustnicaPack.RegistrationPageValueOne] : Input text into the Mobilniy Telefon field failed
2016-08-09 13:42:07  INFO [IskustnicaPack.RegistrationPageValueOne] : 123456789 cellPhone inputed
2016-08-09 13:42:07  INFO [IskustnicaPack.RegistrationPageValueOne] : Button '<< Dalee/Enter >>' was clicked
2016-08-09 13:42:08  INFO [IskustnicaPack.RegistrationPageMessageSpasibo] : WebPage and Browser closed
2016-08-09 13:42:10  INFO [IskustnicaPack.RegistrationPageValueOne] : Button 'Registrirovat' was clicked 
2016-08-09 13:42:11  INFO [IskustnicaPack.RegistrationPageMessageSpasibo] : WebPage and Browser closed
2016-08-09 13:42:42  INFO [IskustnicaPack.RegistrationPageValueOne] : Button 'Registrirovat' was clicked 
2016-08-09 13:42:43  INFO [IskustnicaPack.RegistrationPageMessageSpasibo] : WebPage and Browser closed
2016-08-09 13:45:44  INFO [IskustnicaPack.MainPage] : Browser and main page were opened
2016-08-09 13:45:51  INFO [IskustnicaPack.MainPage] : Browser and main page were opened
2016-08-09 13:45:55  INFO [IskustnicaPack.MainPage] : No such element on the page
2016-08-09 13:45:56  INFO [IskustnicaPack.MainPage] : Registration link was clicked
2016-08-09 13:45:57  INFO [IskustnicaPack.RegistrationPageValueOne] : Delivery type 'Samovivoz' (radio button) selected
2016-08-09 13:45:57  INFO [IskustnicaPack.RegistrationPageMessageSpasibo] : WebPage and Browser closed
2016-08-09 13:45:58  INFO [IskustnicaPack.RegistrationPageValueOne] : semen Familia was Inputed
2016-08-09 13:45:58  INFO [IskustnicaPack.RegistrationPageValueOne] : semen Imia was Inputed
2016-08-09 13:45:58  INFO [IskustnicaPack.RegistrationPageValueOne] : semene Otchestvo was Inputed
2016-08-09 13:45:59  INFO [IskustnicaPack.RegistrationPageValueOne] : 07 den selected
2016-08-09 13:45:59  INFO [IskustnicaPack.RegistrationPageValueOne] : 11 mesiac selected
2016-08-09 13:46:00  INFO [IskustnicaPack.RegistrationPageValueOne] : 1989 god selected
2016-08-09 13:46:00  INFO [IskustnicaPack.RegistrationPageValueOne] : somemail@bk.ru E-mail inputed
2016-08-09 13:46:01  INFO [IskustnicaPack.RegistrationPageValueOne] : testtest parol inputed
2016-08-09 13:46:02  INFO [IskustnicaPack.RegistrationPageValueOne] : testtest repass inputed
2016-08-09 13:46:02  INFO [IskustnicaPack.RegistrationPageValueOne] : 123456789 cellPhone inputed
2016-08-09 13:46:02  INFO [IskustnicaPack.RegistrationPageValueOne] : Button '<< Dalee/Enter >>' was clicked
2016-08-09 13:46:05  INFO [IskustnicaPack.RegistrationPageValueOne] : Button 'Registrirovat' was clicked 
2016-08-09 13:46:06  INFO [IskustnicaPack.RegistrationPageMessageSpasibo] : WebPage and Browser closed
2016-08-09 13:46:34  INFO [IskustnicaPack.MainPage] : Browser and main page were opened
2016-08-09 13:46:36  INFO [IskustnicaPack.MainPage] : Registration link was clicked
2016-08-09 13:46:37  INFO [IskustnicaPack.RegistrationPageValueOne] : Delivery type 'Samovivoz' (radio button) selected
2016-08-09 13:46:37  INFO [IskustnicaPack.RegistrationPageValueOne] : ivanov Familia was Inputed
2016-08-09 13:46:37  INFO [IskustnicaPack.RegistrationPageValueOne] : ivan Imia was Inputed
2016-08-09 13:46:38  INFO [IskustnicaPack.RegistrationPageValueOne] : ivanovic Otchestvo was Inputed
2016-08-09 13:46:38  INFO [IskustnicaPack.RegistrationPageValueOne] : 01 den selected
2016-08-09 13:46:38  INFO [IskustnicaPack.RegistrationPageValueOne] : 02 mesiac selected
2016-08-09 13:46:38  INFO [IskustnicaPack.RegistrationPageValueOne] : 1945 god selected
2016-08-09 13:46:39  INFO [IskustnicaPack.RegistrationPageValueOne] : somemail@bk.ru E-mail inputed
2016-08-09 13:46:40  INFO [IskustnicaPack.RegistrationPageValueOne] : test1234 parol inputed
2016-08-09 13:46:40  INFO [IskustnicaPack.RegistrationPageValueOne] : test1234 repass inputed
2016-08-09 13:46:40  INFO [IskustnicaPack.RegistrationPageValueOne] : 0909090 cellPhone inputed
2016-08-09 13:46:40  INFO [IskustnicaPack.RegistrationPageValueOne] : Button '<< Dalee/Enter >>' was clicked
2016-08-09 13:46:42  INFO [IskustnicaPack.RegistrationPageValueOne] : Button 'Registrirovat' was clicked 
2016-08-09 13:46:44  INFO [IskustnicaPack.RegistrationPageMessageSpasibo] : WebPage and Browser closed
2016-08-09 13:50:00  INFO [IskustnicaPack.MainPage] : Browser and main page were opened
2016-08-09 13:50:01  INFO [IskustnicaPack.MainPage] : Browser and main page were opened
2016-08-09 13:50:08  INFO [IskustnicaPack.MainPage] : Registration link was clicked
2016-08-09 13:50:10  INFO [IskustnicaPack.MainPage] : Browser and main page were opened
2016-08-09 13:50:11  INFO [IskustnicaPack.MainPage] : Registration link was clicked
2016-08-09 13:50:11  INFO [IskustnicaPack.RegistrationPageValueOne] : Delivery type 'Samovivoz' (radio button) selected
2016-08-09 13:50:14  INFO [IskustnicaPack.RegistrationPageValueOne] : Delivery type 'Samovivoz' (radio button) selected
2016-08-09 13:50:17  INFO [IskustnicaPack.MainPage] : Registration link was clicked
2016-08-09 13:50:18  INFO [IskustnicaPack.RegistrationPageValueOne] : semen Familia was Inputed
2016-08-09 13:50:18  INFO [IskustnicaPack.RegistrationPageValueOne] : Delivery type 'Samovivoz' (radio button) selected
2016-08-09 13:50:20  INFO [IskustnicaPack.RegistrationPageValueOne] : petrov Familia was Inputed
2016-08-09 13:50:20  INFO [IskustnicaPack.RegistrationPageValueOne] : ivanov Familia was Inputed
2016-08-09 13:50:21  INFO [IskustnicaPack.RegistrationPageValueOne] : petr Imia was Inputed
2016-08-09 13:50:22  INFO [IskustnicaPack.RegistrationPageValueOne] : petrovic Otchestvo was Inputed
2016-08-09 13:50:22  INFO [IskustnicaPack.RegistrationPageValueOne] : semen Imia was Inputed
2016-08-09 13:50:23  INFO [IskustnicaPack.RegistrationPageValueOne] : 04 den selected
2016-08-09 13:50:24  INFO [IskustnicaPack.RegistrationPageValueOne] : ivan Imia was Inputed
2016-08-09 13:50:24  INFO [IskustnicaPack.RegistrationPageValueOne] : 12 mesiac selected
2016-08-09 13:50:26  INFO [IskustnicaPack.RegistrationPageValueOne] : 1985 god selected
2016-08-09 13:50:27  INFO [IskustnicaPack.RegistrationPageValueOne] : semene Otchestvo was Inputed
2016-08-09 13:50:27  INFO [IskustnicaPack.RegistrationPageValueOne] : somemail@bk.ru E-mail inputed
2016-08-09 13:50:28  INFO [IskustnicaPack.RegistrationPageValueOne] : ivanovic Otchestvo was Inputed
2016-08-09 13:50:28  INFO [IskustnicaPack.RegistrationPageValueOne] : test1234 parol inputed
2016-08-09 13:50:29  INFO [IskustnicaPack.RegistrationPageValueOne] : 07 den selected
2016-08-09 13:50:29  INFO [IskustnicaPack.RegistrationPageValueOne] : test1234 repass inputed
2016-08-09 13:50:30  INFO [IskustnicaPack.RegistrationPageValueOne] : 01 den selected
2016-08-09 13:50:30  INFO [IskustnicaPack.RegistrationPageValueOne] : 0123456778 cellPhone inputed
2016-08-09 13:50:30  INFO [IskustnicaPack.RegistrationPageValueOne] : Button '<< Dalee/Enter >>' was clicked
2016-08-09 13:50:31  INFO [IskustnicaPack.RegistrationPageValueOne] : 11 mesiac selected
2016-08-09 13:50:32  INFO [IskustnicaPack.RegistrationPageValueOne] : 02 mesiac selected
2016-08-09 13:50:33  INFO [IskustnicaPack.RegistrationPageValueOne] : Button 'Registrirovat' was clicked 
2016-08-09 13:50:33  INFO [IskustnicaPack.RegistrationPageValueOne] : 1989 god selected
2016-08-09 13:50:34  INFO [IskustnicaPack.RegistrationPageValueOne] : 1945 god selected
2016-08-09 13:50:35  INFO [IskustnicaPack.RegistrationPageValueOne] : somemail@bk.ru E-mail inputed
2016-08-09 13:50:35  INFO [IskustnicaPack.RegistrationPageValueOne] : somemail@bk.ru E-mail inputed
2016-08-09 13:50:37  INFO [IskustnicaPack.RegistrationPageValueOne] : testtest parol inputed
2016-08-09 13:50:37  INFO [IskustnicaPack.RegistrationPageMessageSpasibo] : WebPage and Browser closed
2016-08-09 13:50:37  INFO [IskustnicaPack.RegistrationPageValueOne] : testtest repass inputed
2016-08-09 13:50:37  INFO [IskustnicaPack.RegistrationPageValueOne] : 123456789 cellPhone inputed
2016-08-09 13:50:37  INFO [IskustnicaPack.RegistrationPageValueOne] : test1234 parol inputed
2016-08-09 13:50:38  INFO [IskustnicaPack.RegistrationPageValueOne] : Button '<< Dalee/Enter >>' was clicked
2016-08-09 13:50:38  INFO [IskustnicaPack.RegistrationPageValueOne] : test1234 repass inputed
2016-08-09 13:50:39  INFO [IskustnicaPack.RegistrationPageValueOne] : 0909090 cellPhone inputed
2016-08-09 13:50:39  INFO [IskustnicaPack.RegistrationPageValueOne] : Button '<< Dalee/Enter >>' was clicked
2016-08-09 13:50:41  INFO [IskustnicaPack.RegistrationPageValueOne] : Button 'Registrirovat' was clicked 
2016-08-09 13:50:42  INFO [IskustnicaPack.RegistrationPageValueOne] : Button 'Registrirovat' was clicked 
2016-08-09 13:50:43  INFO [IskustnicaPack.RegistrationPageMessageSpasibo] : WebPage and Browser closed
2016-08-09 13:50:43  INFO [IskustnicaPack.RegistrationPageMessageSpasibo] : WebPage and Browser closed
2016-08-09 13:53:53  INFO [IskustnicaPack.MainPage] : Browser and main page were opened
2016-08-09 13:53:58  INFO [IskustnicaPack.MainPage] : Browser and main page were opened
2016-08-09 13:54:04  INFO [IskustnicaPack.MainPage] : Browser and main page were opened
2016-08-09 13:54:04  INFO [IskustnicaPack.MainPage] : No such element on the page
2016-08-09 13:54:07  INFO [IskustnicaPack.RegistrationPageMessageSpasibo] : WebPage and Browser closed
2016-08-09 13:54:08  INFO [IskustnicaPack.MainPage] : No such element on the page
2016-08-09 13:54:09  INFO [IskustnicaPack.RegistrationPageMessageSpasibo] : WebPage and Browser closed
2016-08-09 13:54:14  INFO [IskustnicaPack.MainPage] : No such element on the page
2016-08-09 13:54:15  INFO [IskustnicaPack.RegistrationPageMessageSpasibo] : WebPage and Browser closed
2016-08-09 13:55:33  INFO [IskustnicaPack.MainPage] : Browser and main page were opened
2016-08-09 13:55:36  INFO [IskustnicaPack.MainPage] : Browser and main page were opened
2016-08-09 13:55:41  INFO [IskustnicaPack.MainPage] : Registration link was clicked
2016-08-09 13:55:42  INFO [IskustnicaPack.RegistrationPageValueOne] : Delivery type 'Samovivoz' (radio button) selected
2016-08-09 13:55:44  INFO [IskustnicaPack.RegistrationPageValueOne] : ivanov Familia was Inputed
2016-08-09 13:55:45  INFO [IskustnicaPack.RegistrationPageValueOne] : ivan Imia was Inputed
2016-08-09 13:55:46  INFO [IskustnicaPack.RegistrationPageValueOne] : ivanovic Otchestvo was Inputed
2016-08-09 13:55:47  INFO [IskustnicaPack.RegistrationPageValueOne] : 01 den selected
2016-08-09 13:55:48  INFO [IskustnicaPack.RegistrationPageValueOne] : 02 mesiac selected
2016-08-09 13:55:49  INFO [IskustnicaPack.RegistrationPageValueOne] : 1945 god selected
2016-08-09 13:55:52  INFO [IskustnicaPack.RegistrationPageValueOne] : somemail@bk.ru E-mail inputed
2016-08-09 13:55:55  INFO [IskustnicaPack.RegistrationPageValueOne] : test1234 parol inputed
2016-08-09 13:55:56  INFO [IskustnicaPack.MainPage] : Browser and main page were opened
2016-08-09 13:55:57  INFO [IskustnicaPack.RegistrationPageValueOne] : test1234 repass inputed
2016-08-09 13:56:01  INFO [IskustnicaPack.RegistrationPageValueOne] : 0909090 cellPhone inputed
2016-08-09 13:56:01  INFO [IskustnicaPack.MainPage] : Registration link was clicked
2016-08-09 13:56:02  INFO [IskustnicaPack.RegistrationPageValueOne] : Button '<< Dalee/Enter >>' was clicked
2016-08-09 13:56:03  INFO [IskustnicaPack.RegistrationPageValueOne] : Delivery type 'Samovivoz' (radio button) selected
2016-08-09 13:56:05  INFO [IskustnicaPack.RegistrationPageValueOne] : semen Familia was Inputed
2016-08-09 13:56:06  INFO [IskustnicaPack.RegistrationPageValueOne] : Button 'Registrirovat' was clicked 
2016-08-09 13:56:07  INFO [IskustnicaPack.RegistrationPageValueOne] : semen Imia was Inputed
2016-08-09 13:56:08  INFO [IskustnicaPack.RegistrationPageValueOne] : semene Otchestvo was Inputed
2016-08-09 13:56:09  INFO [IskustnicaPack.RegistrationPageValueOne] : 07 den selected
2016-08-09 13:56:09  INFO [IskustnicaPack.RegistrationPageValueOne] : 11 mesiac selected
2016-08-09 13:56:09  INFO [IskustnicaPack.RegistrationPageMessageSpasibo] : WebPage and Browser closed
2016-08-09 13:56:10  INFO [IskustnicaPack.RegistrationPageValueOne] : 1989 god selected
2016-08-09 13:56:11  INFO [IskustnicaPack.RegistrationPageValueOne] : somemail@bk.ru E-mail inputed
2016-08-09 13:56:11  INFO [IskustnicaPack.RegistrationPageValueOne] : testtest parol inputed
2016-08-09 13:56:12  INFO [IskustnicaPack.RegistrationPageValueOne] : testtest repass inputed
2016-08-09 13:56:12  INFO [IskustnicaPack.RegistrationPageValueOne] : 123456789 cellPhone inputed
2016-08-09 13:56:13  INFO [IskustnicaPack.RegistrationPageValueOne] : Button '<< Dalee/Enter >>' was clicked
2016-08-09 13:56:15  INFO [IskustnicaPack.RegistrationPageValueOne] : Button 'Registrirovat' was clicked 
2016-08-09 13:56:17  INFO [IskustnicaPack.RegistrationPageMessageSpasibo] : WebPage and Browser closed
2016-08-09 13:56:25  INFO [IskustnicaPack.MainPage] : Registration link was clicked
2016-08-09 13:56:25  INFO [IskustnicaPack.RegistrationPageValueOne] : Delivery type 'Samovivoz' (radio button) selected
2016-08-09 13:56:26  INFO [IskustnicaPack.RegistrationPageValueOne] : petrov Familia was Inputed
2016-08-09 13:56:26  INFO [IskustnicaPack.RegistrationPageValueOne] : petr Imia was Inputed
2016-08-09 13:56:26  INFO [IskustnicaPack.RegistrationPageValueOne] : petrovic Otchestvo was Inputed
2016-08-09 13:56:27  INFO [IskustnicaPack.RegistrationPageValueOne] : 04 den selected
2016-08-09 13:56:27  INFO [IskustnicaPack.RegistrationPageValueOne] : 12 mesiac selected
2016-08-09 13:56:27  INFO [IskustnicaPack.RegistrationPageValueOne] : 1985 god selected
2016-08-09 13:56:28  INFO [IskustnicaPack.RegistrationPageValueOne] : somemail@bk.ru E-mail inputed
2016-08-09 13:56:28  INFO [IskustnicaPack.RegistrationPageValueOne] : test1234 parol inputed
2016-08-09 13:56:29  INFO [IskustnicaPack.RegistrationPageValueOne] : test1234 repass inputed
2016-08-09 13:56:29  INFO [IskustnicaPack.RegistrationPageValueOne] : 0123456778 cellPhone inputed
2016-08-09 13:56:29  INFO [IskustnicaPack.RegistrationPageValueOne] : Button '<< Dalee/Enter >>' was clicked
2016-08-09 13:56:31  INFO [IskustnicaPack.RegistrationPageValueOne] : Button 'Registrirovat' was clicked 
2016-08-09 13:56:32  INFO [IskustnicaPack.RegistrationPageMessageSpasibo] : WebPage and Browser closed
2016-08-09 14:00:18  INFO [IskustnicaPack.MainPage] : Browser and main page were opened
2016-08-09 14:00:20  INFO [IskustnicaPack.MainPage] : Browser and main page were opened
2016-08-09 14:00:24  INFO [IskustnicaPack.MainPage] : Registration link was clicked
2016-08-09 14:00:26  INFO [IskustnicaPack.RegistrationPageValueOne] : Delivery type 'Samovivoz' (radio button) selected
2016-08-09 14:00:27  INFO [IskustnicaPack.MainPage] : Registration link was clicked
2016-08-09 14:00:28  INFO [IskustnicaPack.RegistrationPageValueOne] : semen Familia was Inputed
2016-08-09 14:00:28  INFO [IskustnicaPack.RegistrationPageValueOne] : semen Imia was Inputed
2016-08-09 14:00:29  INFO [IskustnicaPack.RegistrationPageValueOne] : Delivery type 'Samovivoz' (radio button) selected
2016-08-09 14:00:29  INFO [IskustnicaPack.RegistrationPageValueOne] : semene Otchestvo was Inputed
2016-08-09 14:00:30  INFO [IskustnicaPack.RegistrationPageValueOne] : 07 den selected
2016-08-09 14:00:31  INFO [IskustnicaPack.RegistrationPageValueOne] : petrov Familia was Inputed
2016-08-09 14:00:31  INFO [IskustnicaPack.RegistrationPageValueOne] : 11 mesiac selected
2016-08-09 14:00:32  INFO [IskustnicaPack.RegistrationPageValueOne] : 1989 god selected
2016-08-09 14:00:32  INFO [IskustnicaPack.RegistrationPageValueOne] : petr Imia was Inputed
2016-08-09 14:00:33  INFO [IskustnicaPack.RegistrationPageValueOne] : somemail@bk.ru E-mail inputed
2016-08-09 14:00:34  INFO [IskustnicaPack.RegistrationPageValueOne] : testtest parol inputed
2016-08-09 14:00:35  INFO [IskustnicaPack.RegistrationPageValueOne] : petrovic Otchestvo was Inputed
2016-08-09 14:00:35  INFO [IskustnicaPack.RegistrationPageValueOne] : testtest repass inputed
2016-08-09 14:00:36  INFO [IskustnicaPack.RegistrationPageValueOne] : 123456789 cellPhone inputed
2016-08-09 14:00:36  INFO [IskustnicaPack.RegistrationPageValueOne] : 04 den selected
2016-08-09 14:00:36  INFO [IskustnicaPack.RegistrationPageValueOne] : Button '<< Dalee/Enter >>' was clicked
2016-08-09 14:00:38  INFO [IskustnicaPack.RegistrationPageValueOne] : 12 mesiac selected
2016-08-09 14:00:40  INFO [IskustnicaPack.RegistrationPageValueOne] : 1985 god selected
2016-08-09 14:00:41  INFO [IskustnicaPack.MainPage] : Browser and main page were opened
2016-08-09 14:00:43  INFO [IskustnicaPack.RegistrationPageValueOne] : somemail@bk.ru E-mail inputed
2016-08-09 14:00:45  INFO [IskustnicaPack.MainPage] : Registration link was clicked
2016-08-09 14:00:46  INFO [IskustnicaPack.RegistrationPageValueOne] : test1234 parol inputed
2016-08-09 14:00:46  INFO [IskustnicaPack.RegistrationPageValueOne] : Delivery type 'Samovivoz' (radio button) selected
2016-08-09 14:00:47  INFO [IskustnicaPack.RegistrationPageValueOne] : test1234 repass inputed
2016-08-09 14:00:48  INFO [IskustnicaPack.RegistrationPageValueOne] : ivanov Familia was Inputed
2016-08-09 14:00:48  INFO [IskustnicaPack.RegistrationPageValueOne] : 0123456778 cellPhone inputed
2016-08-09 14:00:49  INFO [IskustnicaPack.RegistrationPageValueOne] : ivan Imia was Inputed
2016-08-09 14:00:49  INFO [IskustnicaPack.RegistrationPageValueOne] : Button '<< Dalee/Enter >>' was clicked
2016-08-09 14:00:51  INFO [IskustnicaPack.RegistrationPageValueOne] : ivanovic Otchestvo was Inputed
2016-08-09 14:00:52  INFO [IskustnicaPack.RegistrationPageValueOne] : Button 'Registrirovat' was clicked 
2016-08-09 14:00:52  INFO [IskustnicaPack.RegistrationPageValueOne] : 01 den selected
2016-08-09 14:00:53  INFO [IskustnicaPack.RegistrationPageValueOne] : 02 mesiac selected
2016-08-09 14:00:54  INFO [IskustnicaPack.RegistrationPageValueOne] : 1945 god selected
2016-08-09 14:00:54  INFO [IskustnicaPack.RegistrationPageValueOne] : somemail@bk.ru E-mail inputed
2016-08-09 14:00:55  INFO [IskustnicaPack.RegistrationPageMessageSpasibo] : WebPage and Browser closed
2016-08-09 14:00:55  INFO [IskustnicaPack.RegistrationPageValueOne] : test1234 parol inputed
2016-08-09 14:00:56  INFO [IskustnicaPack.RegistrationPageValueOne] : test1234 repass inputed
2016-08-09 14:00:56  INFO [IskustnicaPack.RegistrationPageValueOne] : 0909090 cellPhone inputed
2016-08-09 14:00:56  INFO [IskustnicaPack.RegistrationPageValueOne] : Button '<< Dalee/Enter >>' was clicked
2016-08-09 14:00:59  INFO [IskustnicaPack.RegistrationPageValueOne] : Button 'Registrirovat' was clicked 
2016-08-09 14:01:00  INFO [IskustnicaPack.RegistrationPageMessageSpasibo] : WebPage and Browser closed
2016-08-09 14:01:21  INFO [IskustnicaPack.RegistrationPageValueOne] : Button 'Registrirovat' was clicked 
2016-08-09 14:01:23  INFO [IskustnicaPack.RegistrationPageMessageSpasibo] : WebPage and Browser closed
